2024-07-02 23:50:50,396 - ERROR - {'access_token': 'BQDwancflTWyI3AZhAXzxuLBQUMkkyYO3gyTIbcBJKCtwf728z2kP1gh_vx4sS5S-urKwN4RFtRq3XVjIKLn3b3p6BihnwC5VVkZAZb73NRwGHdLmJnYRhhadG7pSzjC_wCuv8aEzpXFQthMDxotX55LaN6t6Fm9l3eSS5nnhfnspcX1qLAnMs5KylCZXrSxJLqNDujjCUNUVEsJ9syB5veYuwP20bmTO63uNhwWpJ0-81yNKn8ASntiHh_fBiT_uFeuTwqqIZ-Nl6OMEGW2AtsGAImgCg', 'token_type': 'Bearer', 'expires_in': 3600, 'refresh_token': 'AQBxUFPKifkecFzMIMx4GgVcml7aW9kxuYh2Fxg79OojUFZDzJVCQKtHS_decWJuMDrg8aEK664TosLfO4ME7GYE0HX_EWJ4rrZ4ZZuLAqIiPK_ETEjEFTYK5fugXZbPf84', 'scope': 'playlist-read-private user-library-read user-follow-read playlist-modify-private playlist-modify-public', 'expires_at': 1719964147}
2024-07-02 23:50:50,685 - ERROR - SpotifyApiRequestHandler.make_request() got an unexpected keyword argument 'ignore_cache'

GraphQL request:2:3
1 | mutation CreatePlaylist($CreatePlaylistInput: PlaylistTracksInput!) {
2 |   createPlaylist(playlistCreateInput: $CreatePlaylistInput)
  |   ^
3 | }
Traceback (most recent call last):
  File "K:\core\dev\my-active-projects\shrillecho-root\shrillecho-fastapi\.venv\Lib\site-packages\graphql\execution\execute.py", line 528, in await_result
    return_type, field_nodes, info, path, await result
                                          ^^^^^^^^^^^^
  File "K:\core\dev\my-active-projects\shrillecho-root\shrillecho-fastapi\.venv\Lib\site-packages\strawberry\schema\schema_converter.py", line 751, in _async_resolver
    return await await_maybe(
           ^^^^^^^^^^^^^^^^^^
  File "K:\core\dev\my-active-projects\shrillecho-root\shrillecho-fastapi\.venv\Lib\site-packages\strawberry\utils\await_maybe.py", line 12, in await_maybe
    return await value
           ^^^^^^^^^^^
  File "K:\core\dev\my-active-projects\shrillecho-root\shrillecho-fastapi\gql\mutation.py", line 13, in create_playlist
    await create_spotify_playlist(await spotify_auth_guard(request=info.context["request"]), name="test", playlist_tracks_input=playlist_create_input)
  File "K:\core\dev\my-active-projects\shrillecho-root\shrillecho-fastapi\gql\handlers.py", line 86, in create_spotify_playlist
    await track_controller.write_tracks(name='test', user='me')
  File "K:\core\dev\my-active-projects\shrillecho-root\shrillecho-py\shrillecho\controllers\tracks_controller.py", line 99, in write_tracks
    await self._sp.playlists.add_tracks(
  File "K:\core\dev\my-active-projects\shrillecho-root\shrillecho-py\shrillecho\api\endpoints\playlists.py", line 187, in add_tracks
    return await self._request_handler.make_request(
                 ^^^^^^^^^^^^^^^^^^^^^^^^^^^^^^^^^^^
TypeError: SpotifyApiRequestHandler.make_request() got an unexpected keyword argument 'ignore_cache'
2024-07-02 23:51:44,573 - ERROR - {'access_token': 'BQDwancflTWyI3AZhAXzxuLBQUMkkyYO3gyTIbcBJKCtwf728z2kP1gh_vx4sS5S-urKwN4RFtRq3XVjIKLn3b3p6BihnwC5VVkZAZb73NRwGHdLmJnYRhhadG7pSzjC_wCuv8aEzpXFQthMDxotX55LaN6t6Fm9l3eSS5nnhfnspcX1qLAnMs5KylCZXrSxJLqNDujjCUNUVEsJ9syB5veYuwP20bmTO63uNhwWpJ0-81yNKn8ASntiHh_fBiT_uFeuTwqqIZ-Nl6OMEGW2AtsGAImgCg', 'token_type': 'Bearer', 'expires_in': 3600, 'refresh_token': 'AQBxUFPKifkecFzMIMx4GgVcml7aW9kxuYh2Fxg79OojUFZDzJVCQKtHS_decWJuMDrg8aEK664TosLfO4ME7GYE0HX_EWJ4rrZ4ZZuLAqIiPK_ETEjEFTYK5fugXZbPf84', 'scope': 'playlist-read-private user-library-read user-follow-read playlist-modify-private playlist-modify-public', 'expires_at': 1719964147}
2024-07-02 23:51:57,398 - ERROR - {'access_token': 'BQDwancflTWyI3AZhAXzxuLBQUMkkyYO3gyTIbcBJKCtwf728z2kP1gh_vx4sS5S-urKwN4RFtRq3XVjIKLn3b3p6BihnwC5VVkZAZb73NRwGHdLmJnYRhhadG7pSzjC_wCuv8aEzpXFQthMDxotX55LaN6t6Fm9l3eSS5nnhfnspcX1qLAnMs5KylCZXrSxJLqNDujjCUNUVEsJ9syB5veYuwP20bmTO63uNhwWpJ0-81yNKn8ASntiHh_fBiT_uFeuTwqqIZ-Nl6OMEGW2AtsGAImgCg', 'token_type': 'Bearer', 'expires_in': 3600, 'refresh_token': 'AQBxUFPKifkecFzMIMx4GgVcml7aW9kxuYh2Fxg79OojUFZDzJVCQKtHS_decWJuMDrg8aEK664TosLfO4ME7GYE0HX_EWJ4rrZ4ZZuLAqIiPK_ETEjEFTYK5fugXZbPf84', 'scope': 'playlist-read-private user-library-read user-follow-read playlist-modify-private playlist-modify-public', 'expires_at': 1719964147}
2024-07-02 23:51:57,692 - ERROR - {'access_token': 'BQDwancflTWyI3AZhAXzxuLBQUMkkyYO3gyTIbcBJKCtwf728z2kP1gh_vx4sS5S-urKwN4RFtRq3XVjIKLn3b3p6BihnwC5VVkZAZb73NRwGHdLmJnYRhhadG7pSzjC_wCuv8aEzpXFQthMDxotX55LaN6t6Fm9l3eSS5nnhfnspcX1qLAnMs5KylCZXrSxJLqNDujjCUNUVEsJ9syB5veYuwP20bmTO63uNhwWpJ0-81yNKn8ASntiHh_fBiT_uFeuTwqqIZ-Nl6OMEGW2AtsGAImgCg', 'token_type': 'Bearer', 'expires_in': 3600, 'refresh_token': 'AQBxUFPKifkecFzMIMx4GgVcml7aW9kxuYh2Fxg79OojUFZDzJVCQKtHS_decWJuMDrg8aEK664TosLfO4ME7GYE0HX_EWJ4rrZ4ZZuLAqIiPK_ETEjEFTYK5fugXZbPf84', 'scope': 'playlist-read-private user-library-read user-follow-read playlist-modify-private playlist-modify-public', 'expires_at': 1719964147}
2024-07-02 23:51:59,487 - ERROR - {'access_token': 'BQDwancflTWyI3AZhAXzxuLBQUMkkyYO3gyTIbcBJKCtwf728z2kP1gh_vx4sS5S-urKwN4RFtRq3XVjIKLn3b3p6BihnwC5VVkZAZb73NRwGHdLmJnYRhhadG7pSzjC_wCuv8aEzpXFQthMDxotX55LaN6t6Fm9l3eSS5nnhfnspcX1qLAnMs5KylCZXrSxJLqNDujjCUNUVEsJ9syB5veYuwP20bmTO63uNhwWpJ0-81yNKn8ASntiHh_fBiT_uFeuTwqqIZ-Nl6OMEGW2AtsGAImgCg', 'token_type': 'Bearer', 'expires_in': 3600, 'refresh_token': 'AQBxUFPKifkecFzMIMx4GgVcml7aW9kxuYh2Fxg79OojUFZDzJVCQKtHS_decWJuMDrg8aEK664TosLfO4ME7GYE0HX_EWJ4rrZ4ZZuLAqIiPK_ETEjEFTYK5fugXZbPf84', 'scope': 'playlist-read-private user-library-read user-follow-read playlist-modify-private playlist-modify-public', 'expires_at': 1719964147}
2024-07-02 23:52:37,606 - ERROR - {'access_token': 'BQDwancflTWyI3AZhAXzxuLBQUMkkyYO3gyTIbcBJKCtwf728z2kP1gh_vx4sS5S-urKwN4RFtRq3XVjIKLn3b3p6BihnwC5VVkZAZb73NRwGHdLmJnYRhhadG7pSzjC_wCuv8aEzpXFQthMDxotX55LaN6t6Fm9l3eSS5nnhfnspcX1qLAnMs5KylCZXrSxJLqNDujjCUNUVEsJ9syB5veYuwP20bmTO63uNhwWpJ0-81yNKn8ASntiHh_fBiT_uFeuTwqqIZ-Nl6OMEGW2AtsGAImgCg', 'token_type': 'Bearer', 'expires_in': 3600, 'refresh_token': 'AQBxUFPKifkecFzMIMx4GgVcml7aW9kxuYh2Fxg79OojUFZDzJVCQKtHS_decWJuMDrg8aEK664TosLfO4ME7GYE0HX_EWJ4rrZ4ZZuLAqIiPK_ETEjEFTYK5fugXZbPf84', 'scope': 'playlist-read-private user-library-read user-follow-read playlist-modify-private playlist-modify-public', 'expires_at': 1719964147}
2024-07-02 23:53:11,137 - ERROR - {'access_token': 'BQDwancflTWyI3AZhAXzxuLBQUMkkyYO3gyTIbcBJKCtwf728z2kP1gh_vx4sS5S-urKwN4RFtRq3XVjIKLn3b3p6BihnwC5VVkZAZb73NRwGHdLmJnYRhhadG7pSzjC_wCuv8aEzpXFQthMDxotX55LaN6t6Fm9l3eSS5nnhfnspcX1qLAnMs5KylCZXrSxJLqNDujjCUNUVEsJ9syB5veYuwP20bmTO63uNhwWpJ0-81yNKn8ASntiHh_fBiT_uFeuTwqqIZ-Nl6OMEGW2AtsGAImgCg', 'token_type': 'Bearer', 'expires_in': 3600, 'refresh_token': 'AQBxUFPKifkecFzMIMx4GgVcml7aW9kxuYh2Fxg79OojUFZDzJVCQKtHS_decWJuMDrg8aEK664TosLfO4ME7GYE0HX_EWJ4rrZ4ZZuLAqIiPK_ETEjEFTYK5fugXZbPf84', 'scope': 'playlist-read-private user-library-read user-follow-read playlist-modify-private playlist-modify-public', 'expires_at': 1719964147}
2024-07-02 23:53:11,415 - ERROR - {'access_token': 'BQDwancflTWyI3AZhAXzxuLBQUMkkyYO3gyTIbcBJKCtwf728z2kP1gh_vx4sS5S-urKwN4RFtRq3XVjIKLn3b3p6BihnwC5VVkZAZb73NRwGHdLmJnYRhhadG7pSzjC_wCuv8aEzpXFQthMDxotX55LaN6t6Fm9l3eSS5nnhfnspcX1qLAnMs5KylCZXrSxJLqNDujjCUNUVEsJ9syB5veYuwP20bmTO63uNhwWpJ0-81yNKn8ASntiHh_fBiT_uFeuTwqqIZ-Nl6OMEGW2AtsGAImgCg', 'token_type': 'Bearer', 'expires_in': 3600, 'refresh_token': 'AQBxUFPKifkecFzMIMx4GgVcml7aW9kxuYh2Fxg79OojUFZDzJVCQKtHS_decWJuMDrg8aEK664TosLfO4ME7GYE0HX_EWJ4rrZ4ZZuLAqIiPK_ETEjEFTYK5fugXZbPf84', 'scope': 'playlist-read-private user-library-read user-follow-read playlist-modify-private playlist-modify-public', 'expires_at': 1719964147}
2024-07-02 23:53:17,997 - ERROR - {'access_token': 'BQDwancflTWyI3AZhAXzxuLBQUMkkyYO3gyTIbcBJKCtwf728z2kP1gh_vx4sS5S-urKwN4RFtRq3XVjIKLn3b3p6BihnwC5VVkZAZb73NRwGHdLmJnYRhhadG7pSzjC_wCuv8aEzpXFQthMDxotX55LaN6t6Fm9l3eSS5nnhfnspcX1qLAnMs5KylCZXrSxJLqNDujjCUNUVEsJ9syB5veYuwP20bmTO63uNhwWpJ0-81yNKn8ASntiHh_fBiT_uFeuTwqqIZ-Nl6OMEGW2AtsGAImgCg', 'token_type': 'Bearer', 'expires_in': 3600, 'refresh_token': 'AQBxUFPKifkecFzMIMx4GgVcml7aW9kxuYh2Fxg79OojUFZDzJVCQKtHS_decWJuMDrg8aEK664TosLfO4ME7GYE0HX_EWJ4rrZ4ZZuLAqIiPK_ETEjEFTYK5fugXZbPf84', 'scope': 'playlist-read-private user-library-read user-follow-read playlist-modify-private playlist-modify-public', 'expires_at': 1719964147}
2024-07-02 23:53:18,304 - ERROR - {'access_token': 'BQDwancflTWyI3AZhAXzxuLBQUMkkyYO3gyTIbcBJKCtwf728z2kP1gh_vx4sS5S-urKwN4RFtRq3XVjIKLn3b3p6BihnwC5VVkZAZb73NRwGHdLmJnYRhhadG7pSzjC_wCuv8aEzpXFQthMDxotX55LaN6t6Fm9l3eSS5nnhfnspcX1qLAnMs5KylCZXrSxJLqNDujjCUNUVEsJ9syB5veYuwP20bmTO63uNhwWpJ0-81yNKn8ASntiHh_fBiT_uFeuTwqqIZ-Nl6OMEGW2AtsGAImgCg', 'token_type': 'Bearer', 'expires_in': 3600, 'refresh_token': 'AQBxUFPKifkecFzMIMx4GgVcml7aW9kxuYh2Fxg79OojUFZDzJVCQKtHS_decWJuMDrg8aEK664TosLfO4ME7GYE0HX_EWJ4rrZ4ZZuLAqIiPK_ETEjEFTYK5fugXZbPf84', 'scope': 'playlist-read-private user-library-read user-follow-read playlist-modify-private playlist-modify-public', 'expires_at': 1719964147}
2024-07-02 23:53:21,395 - ERROR - {'access_token': 'BQDwancflTWyI3AZhAXzxuLBQUMkkyYO3gyTIbcBJKCtwf728z2kP1gh_vx4sS5S-urKwN4RFtRq3XVjIKLn3b3p6BihnwC5VVkZAZb73NRwGHdLmJnYRhhadG7pSzjC_wCuv8aEzpXFQthMDxotX55LaN6t6Fm9l3eSS5nnhfnspcX1qLAnMs5KylCZXrSxJLqNDujjCUNUVEsJ9syB5veYuwP20bmTO63uNhwWpJ0-81yNKn8ASntiHh_fBiT_uFeuTwqqIZ-Nl6OMEGW2AtsGAImgCg', 'token_type': 'Bearer', 'expires_in': 3600, 'refresh_token': 'AQBxUFPKifkecFzMIMx4GgVcml7aW9kxuYh2Fxg79OojUFZDzJVCQKtHS_decWJuMDrg8aEK664TosLfO4ME7GYE0HX_EWJ4rrZ4ZZuLAqIiPK_ETEjEFTYK5fugXZbPf84', 'scope': 'playlist-read-private user-library-read user-follow-read playlist-modify-private playlist-modify-public', 'expires_at': 1719964147}
2024-07-02 23:53:48,797 - ERROR - {'access_token': 'BQDwancflTWyI3AZhAXzxuLBQUMkkyYO3gyTIbcBJKCtwf728z2kP1gh_vx4sS5S-urKwN4RFtRq3XVjIKLn3b3p6BihnwC5VVkZAZb73NRwGHdLmJnYRhhadG7pSzjC_wCuv8aEzpXFQthMDxotX55LaN6t6Fm9l3eSS5nnhfnspcX1qLAnMs5KylCZXrSxJLqNDujjCUNUVEsJ9syB5veYuwP20bmTO63uNhwWpJ0-81yNKn8ASntiHh_fBiT_uFeuTwqqIZ-Nl6OMEGW2AtsGAImgCg', 'token_type': 'Bearer', 'expires_in': 3600, 'refresh_token': 'AQBxUFPKifkecFzMIMx4GgVcml7aW9kxuYh2Fxg79OojUFZDzJVCQKtHS_decWJuMDrg8aEK664TosLfO4ME7GYE0HX_EWJ4rrZ4ZZuLAqIiPK_ETEjEFTYK5fugXZbPf84', 'scope': 'playlist-read-private user-library-read user-follow-read playlist-modify-private playlist-modify-public', 'expires_at': 1719964147}
2024-07-02 23:53:49,083 - ERROR - {'access_token': 'BQDwancflTWyI3AZhAXzxuLBQUMkkyYO3gyTIbcBJKCtwf728z2kP1gh_vx4sS5S-urKwN4RFtRq3XVjIKLn3b3p6BihnwC5VVkZAZb73NRwGHdLmJnYRhhadG7pSzjC_wCuv8aEzpXFQthMDxotX55LaN6t6Fm9l3eSS5nnhfnspcX1qLAnMs5KylCZXrSxJLqNDujjCUNUVEsJ9syB5veYuwP20bmTO63uNhwWpJ0-81yNKn8ASntiHh_fBiT_uFeuTwqqIZ-Nl6OMEGW2AtsGAImgCg', 'token_type': 'Bearer', 'expires_in': 3600, 'refresh_token': 'AQBxUFPKifkecFzMIMx4GgVcml7aW9kxuYh2Fxg79OojUFZDzJVCQKtHS_decWJuMDrg8aEK664TosLfO4ME7GYE0HX_EWJ4rrZ4ZZuLAqIiPK_ETEjEFTYK5fugXZbPf84', 'scope': 'playlist-read-private user-library-read user-follow-read playlist-modify-private playlist-modify-public', 'expires_at': 1719964147}
2024-07-02 23:53:50,861 - ERROR - {'access_token': 'BQDwancflTWyI3AZhAXzxuLBQUMkkyYO3gyTIbcBJKCtwf728z2kP1gh_vx4sS5S-urKwN4RFtRq3XVjIKLn3b3p6BihnwC5VVkZAZb73NRwGHdLmJnYRhhadG7pSzjC_wCuv8aEzpXFQthMDxotX55LaN6t6Fm9l3eSS5nnhfnspcX1qLAnMs5KylCZXrSxJLqNDujjCUNUVEsJ9syB5veYuwP20bmTO63uNhwWpJ0-81yNKn8ASntiHh_fBiT_uFeuTwqqIZ-Nl6OMEGW2AtsGAImgCg', 'token_type': 'Bearer', 'expires_in': 3600, 'refresh_token': 'AQBxUFPKifkecFzMIMx4GgVcml7aW9kxuYh2Fxg79OojUFZDzJVCQKtHS_decWJuMDrg8aEK664TosLfO4ME7GYE0HX_EWJ4rrZ4ZZuLAqIiPK_ETEjEFTYK5fugXZbPf84', 'scope': 'playlist-read-private user-library-read user-follow-read playlist-modify-private playlist-modify-public', 'expires_at': 1719964147}
2024-07-02 23:53:51,154 - ERROR - {'access_token': 'BQDwancflTWyI3AZhAXzxuLBQUMkkyYO3gyTIbcBJKCtwf728z2kP1gh_vx4sS5S-urKwN4RFtRq3XVjIKLn3b3p6BihnwC5VVkZAZb73NRwGHdLmJnYRhhadG7pSzjC_wCuv8aEzpXFQthMDxotX55LaN6t6Fm9l3eSS5nnhfnspcX1qLAnMs5KylCZXrSxJLqNDujjCUNUVEsJ9syB5veYuwP20bmTO63uNhwWpJ0-81yNKn8ASntiHh_fBiT_uFeuTwqqIZ-Nl6OMEGW2AtsGAImgCg', 'token_type': 'Bearer', 'expires_in': 3600, 'refresh_token': 'AQBxUFPKifkecFzMIMx4GgVcml7aW9kxuYh2Fxg79OojUFZDzJVCQKtHS_decWJuMDrg8aEK664TosLfO4ME7GYE0HX_EWJ4rrZ4ZZuLAqIiPK_ETEjEFTYK5fugXZbPf84', 'scope': 'playlist-read-private user-library-read user-follow-read playlist-modify-private playlist-modify-public', 'expires_at': 1719964147}
